0 info it worked if it ends with ok
1 verbose cli [ '/usr/local/bin/node', '/usr/local/bin/npm', 'start' ]
2 info using npm@3.6.0
3 info using node@v5.6.0
4 verbose run-script [ 'prestart', 'start', 'poststart' ]
5 info lifecycle react_tutorial@1.0.0~prestart: react_tutorial@1.0.0
6 silly lifecycle react_tutorial@1.0.0~prestart: no script for prestart, continuing
7 info lifecycle react_tutorial@1.0.0~start: react_tutorial@1.0.0
8 verbose lifecycle react_tutorial@1.0.0~start: unsafe-perm in lifecycle true
9 verbose lifecycle react_tutorial@1.0.0~start: PATH: /usr/local/lib/node_modules/npm/bin/node-gyp-bin:/home/vlpt/node_tutorial/react/react-tutorials/05-state-and-props/node_modules/.bin:/usr/local/sbin:/usr/local/bin:/usr/sbin:/usr/bin:/sbin:/bin:/usr/games:/usr/local/games
10 verbose lifecycle react_tutorial@1.0.0~start: CWD: /home/vlpt/node_tutorial/react/react-tutorials/05-state-and-props
11 silly lifecycle react_tutorial@1.0.0~start: Args: [ '-c', 'webpack-dev-server --hot --host 0.0.0.0' ]
12 info lifecycle react_tutorial@1.0.0~start: Failed to exec start script
13 verbose stack Error: react_tutorial@1.0.0 start: `webpack-dev-server --hot --host 0.0.0.0`
13 verbose stack spawn ENOENT
13 verbose stack     at ChildProcess.<anonymous> (/usr/local/lib/node_modules/npm/lib/utils/spawn.js:17:16)
13 verbose stack     at emitTwo (events.js:100:13)
13 verbose stack     at ChildProcess.emit (events.js:185:7)
13 verbose stack     at maybeClose (internal/child_process.js:827:16)
13 verbose stack     at Process.ChildProcess._handle.onexit (internal/child_process.js:211:5)
14 verbose pkgid react_tutorial@1.0.0
15 verbose cwd /home/vlpt/node_tutorial/react/react-tutorials/05-state-and-props
16 error Linux 3.13.0-71-generic
17 error argv "/usr/local/bin/node" "/usr/local/bin/npm" "start"
18 error node v5.6.0
19 error npm  v3.6.0
20 error file sh
21 error code ELIFECYCLE
22 error errno ENOENT
23 error syscall spawn
24 error react_tutorial@1.0.0 start: `webpack-dev-server --hot --host 0.0.0.0`
24 error spawn ENOENT
25 error Failed at the react_tutorial@1.0.0 start script 'webpack-dev-server --hot --host 0.0.0.0'.
25 error Make sure you have the latest version of node.js and npm installed.
25 error If you do, this is most likely a problem with the react_tutorial package,
25 error not with npm itself.
25 error Tell the author that this fails on your system:
25 error     webpack-dev-server --hot --host 0.0.0.0
25 error You can get information on how to open an issue for this project with:
25 error     npm bugs react_tutorial
25 error Or if that isn't available, you can get their info via:
25 error     npm owner ls react_tutorial
25 error There is likely additional logging output above.
26 verbose exit [ 1, true ]
